<?xml version="1.0" encoding="UTF-8"?>
<!-- Generated by org.testng.reporters.JUnitXMLReporter -->
<testsuite ignored="0" hostname="DESKTOP-1C7G5VD" failures="0" tests="6" name="Test" time="0.196" errors="0" timestamp="2021-01-22T20:36:23 IST">
  <testcase classname="qaacademy.maven2java.seleniumTest" name="webapp" time="0.031"/>
  <testcase classname="qaacademy.maven2java.seleniumTest" name="webapps" time="0.0"/>
  <testcase classname="qaacademy.maven2java.RestApiTest" name="RestAPi" time="0.002"/>
  <testcase classname="qaacademy.maven2java.RestApiTest" name="RsetApi2" time="0.01"/>
  <testcase classname="qaacademy.maven2java.AppiumTest" name="android" time="0.0"/>
  <testcase classname="qaacademy.maven2java.AppiumTest" name="ios" time="0.016"/>
</testsuite> <!-- Test -->
